Server started
Listening on: 0.0.0.0:9000
Master socket: Resource id #6
Client connected. Resource id #7
size of userArray is 1
Client connected. Resource id #8
size of userArray is 2
Client disconnected. Resource id #7
Client connected. Resource id #9
size of userArray is 3
Client disconnected. Resource id #9
Client connected. Resource id #10
size of userArray is 4
Client disconnected. Resource id #10
Client connected. Resource id #11
size of userArray is 5
Server started
Listening on: 0.0.0.0:9000
Master socket: Resource id #6
Client connected. Resource id #7
size of userArray is 1
Client disconnected. Resource id #7
Client connected. Resource id #8
size of userArray is 2
Client connected. Resource id #9
size of userArray is 3
Client disconnected. Resource id #9
Client connected. Resource id #10
size of userArray is 4
Client disconnected. Resource id #10
Client disconnected. Resource id #8
Client connected. Resource id #11
size of userArray is 5
Client disconnected. Resource id #11
Client connected. Resource id #12
size of userArray is 6
Client connected. Resource id #13
size of userArray is 7
Client disconnected. Resource id #13
Client connected. Resource id #14
size of userArray is 8
Client connected. Resource id #15
size of userArray is 9
Client disconnected. Resource id #14
Client connected. Resource id #16
size of userArray is 10
Client disconnected. Resource id #12
Client connected. Resource id #17
size of userArray is 11
Client disconnected. Resource id #15
Client connected. Resource id #18
size of userArray is 12
Client disconnected. Resource id #18
Client connected. Resource id #19
size of userArray is 13
Client disconnected. Resource id #17
Client connected. Resource id #20
size of userArray is 14
Client disconnected. Resource id #16
Client connected. Resource id #21
size of userArray is 15
Client disconnected. Resource id #19
Client disconnected. Resource id #20
Client connected. Resource id #22
size of userArray is 16
Client connected. Resource id #23
size of userArray is 17
Client disconnected. Resource id #22
Client connected. Resource id #24
size of userArray is 18
Client disconnected. Resource id #21
Client disconnected. Resource id #23
Client connected. Resource id #25
size of userArray is 19
Client connected. Resource id #26
size of userArray is 20
Client disconnected. Resource id #26
Client connected. Resource id #27
size of userArray is 21
Client disconnected. Resource id #27
Client connected. Resource id #28
size of userArray is 22
Client disconnected. Resource id #25
Client connected. Resource id #29
size of userArray is 23
Client disconnected. Resource id #28
Client connected. Resource id #30
size of userArray is 24
Client disconnected. Resource id #29
Client connected. Resource id #31
size of userArray is 25
Client disconnected. Resource id #24
Client disconnected. Resource id #30
Client disconnected. Resource id #31
Client connected. Resource id #32
size of userArray is 26
Client disconnected. Resource id #32
Client disconnected. TCP connection lost: Resource id #32
Client connected. Resource id #33
size of userArray is 27
Client disconnected. Resource id #33
Client disconnected. TCP connection lost: Resource id #33
Client connected. Resource id #34
size of userArray is 28
Client connected. Resource id #35
size of userArray is 29
Client disconnected. Resource id #35
Client connected. Resource id #36
size of userArray is 30
Client connected. Resource id #37
size of userArray is 31
Client disconnected. Resource id #34
Client connected. Resource id #38
size of userArray is 32
Client disconnected. Resource id #36
Client disconnected. TCP connection lost: Resource id #36
Client connected. Resource id #39
size of userArray is 33
Client disconnected. Resource id #37
Client connected. Resource id #40
size of userArray is 34
Client disconnected. Resource id #40
Client disconnected. Resource id #38
Client disconnected. Resource id #39
Client disconnected. TCP connection lost: Resource id #39
Client connected. Resource id #41
size of userArray is 35
Client connected. Resource id #42
size of userArray is 36
Client disconnected. Resource id #42
Client disconnected. TCP connection lost: Resource id #42
Client connected. Resource id #43
size of userArray is 37
Client disconnected. Resource id #41
Client connected. Resource id #44
size of userArray is 38
Client disconnected. Resource id #43
Client disconnected. TCP connection lost: Resource id #43
Client connected. Resource id #45
Client disconnected. Resource id #45
Client connected. Resource id #46
size of userArray is 39
Client disconnected. Resource id #46
Client disconnected. TCP connection lost: Resource id #46
Client connected. Resource id #47
size of userArray is 40
Client disconnected. Resource id #47
Client disconnected. TCP connection lost: Resource id #47
Client disconnected. Resource id #44
Client connected. Resource id #48
size of userArray is 41
Client disconnected. Resource id #48
Client connected. Resource id #49
size of userArray is 42
Client connected. Resource id #50
size of userArray is 43
Client disconnected. Resource id #50
Client connected. Resource id #51
size of userArray is 44
Client disconnected. Resource id #49
Client connected. Resource id #52
size of userArray is 45
Client disconnected. Resource id #52
Client disconnected. Resource id #51
Client connected. Resource id #53
size of userArray is 46
Client disconnected. Resource id #53
Client connected. Resource id #54
size of userArray is 47
Client connected. Resource id #55
size of userArray is 48
Client disconnected. Resource id #55
Client connected. Resource id #56
size of userArray is 49
Client disconnected. Resource id #56
Unusual disconnect on socket Resource id #54
Client disconnected. Resource id #54
Client connected. Resource id #57
size of userArray is 50
Client connected. Resource id #58
size of userArray is 51
Client disconnected. Resource id #58
Client connected. Resource id #59
size of userArray is 52
Client disconnected. Resource id #59
Client connected. Resource id #60
size of userArray is 53
Client disconnected. Resource id #60
Client connected. Resource id #61
size of userArray is 54
Client connected. Resource id #62
size of userArray is 55
Client connected. Resource id #63
size of userArray is 56
Client disconnected. Resource id #61
Client connected. Resource id #64
size of userArray is 57
Client disconnected. Resource id #62
Client disconnected. TCP connection lost: Resource id #62
Client disconnected. Resource id #63
Client connected. Resource id #65
size of userArray is 58
Client disconnected. Resource id #65
Client connected. Resource id #66
size of userArray is 59
Client disconnected. Resource id #66
Client disconnected. Resource id #64
Client connected. Resource id #67
size of userArray is 60
Client disconnected. Resource id #67
Client connected. Resource id #68
size of userArray is 61
Client disconnected. Resource id #68
Client connected. Resource id #69
size of userArray is 62
Client disconnected. Resource id #69
Client disconnected. TCP connection lost: Resource id #69
Client disconnected. Resource id #57
Client connected. Resource id #70
size of userArray is 63
Client connected. Resource id #71
size of userArray is 64
Client disconnected. Resource id #71
Client connected. Resource id #72
size of userArray is 65
Client disconnected. Resource id #72
Client disconnected. Resource id #70
Client connected. Resource id #73
size of userArray is 66
Client disconnected. Resource id #73
Client connected. Resource id #74
size of userArray is 67
Client disconnected. Resource id #74
